[1209/130745:INFO:CONSOLE(0)] "app router initialize," source: file:///C:/Users/lin/AppData/Roaming/Adobe/CEPServiceManager4/extensions/js/cutterman.js(10)
[1209/142419:INFO:CONSOLE(0)] "PNG," source: file:///C:/Users/lin/AppData/Roaming/Adobe/CEPServiceManager4/extensions/js/cutterman.js(516)
[1209/142419:INFO:CONSOLE(0)] "{"samefile":"cover","androidCurrentDpi":"不设置","iosCurrentDpi":"不设置","androidDpi":{"XXXHDPI":"1440","XXHDPI":"1080","XHDPI":"720","HDPI":"540","MDPI":"360"},"iosDpi":{"3X":"960","2X":"640","1X":"320"},"format":"PNG-24","output":"/d/2016-06-21/2016-12-09/%E6%B1%89%E7%8B%AE/img","merge":false,"target":["web"],"bounds":[0,0],"quality":"PNG-24"}," source: file:///C:/Users/lin/AppData/Roaming/Adobe/CEPServiceManager4/extensions/js/cutterman.js(523)
[1209/142422:INFO:CONSOLE(0)] "XMLHttpRequest cannot load http://www.cutterman.cn/rank/submit. Origin null is not allowed by Access-Control-Allow-Origin.," source: (0)
[1209/142449:INFO:CONSOLE(0)] "PNG," source: file:///C:/Users/lin/AppData/Roaming/Adobe/CEPServiceManager4/extensions/js/cutterman.js(516)
[1209/142449:INFO:CONSOLE(0)] "{"samefile":"cover","androidCurrentDpi":"不设置","iosCurrentDpi":"不设置","androidDpi":{"XXXHDPI":"1440","XXHDPI":"1080","XHDPI":"720","HDPI":"540","MDPI":"360"},"iosDpi":{"3X":"960","2X":"640","1X":"320"},"format":"PNG-24","output":"/d/2016-06-21/2016-12-09/%E6%B1%89%E7%8B%AE/img","merge":false,"target":["web"],"bounds":[0,0],"quality":"PNG-24"}," source: file:///C:/Users/lin/AppData/Roaming/Adobe/CEPServiceManager4/extensions/js/cutterman.js(523)
[1209/142504:INFO:CONSOLE(0)] "XMLHttpRequest cannot load http://www.cutterman.cn/rank/submit. Origin null is not allowed by Access-Control-Allow-Origin.," source: (0)
[1209/154153:INFO:CONSOLE(0)] "app router initialize," source: file:///C:/Users/lin/AppData/Roaming/Adobe/CEPServiceManager4/extensions/js/cutterman.js(10)
[1209/154154:INFO:CONSOLE(0)] "PNG," source: file:///C:/Users/lin/AppData/Roaming/Adobe/CEPServiceManager4/extensions/js/cutterman.js(516)
[1209/154154:INFO:CONSOLE(0)] "{"samefile":"cover","androidCurrentDpi":"不设置","iosCurrentDpi":"不设置","androidDpi":{"XXXHDPI":"1440","XXHDPI":"1080","XHDPI":"720","HDPI":"540","MDPI":"360"},"iosDpi":{"3X":"960","2X":"640","1X":"320"},"format":"PNG-24","output":"/d/2016-06-21/2016-12-09/%E6%B1%89%E7%8B%AE/img","merge":false,"target":["web"],"bounds":[0,0],"quality":"PNG-24"}," source: file:///C:/Users/lin/AppData/Roaming/Adobe/CEPServiceManager4/extensions/js/cutterman.js(523)
[1209/154203:INFO:CONSOLE(0)] "XMLHttpRequest cannot load http://www.cutterman.cn/rank/submit. Origin null is not allowed by Access-Control-Allow-Origin.," source: (0)
[1209/182035:INFO:CONSOLE(0)] "app router initialize," source: file:///C:/Users/lin/AppData/Roaming/Adobe/CEPServiceManager4/extensions/js/cutterman.js(10)
[1209/182038:INFO:CONSOLE(0)] "PNG," source: file:///C:/Users/lin/AppData/Roaming/Adobe/CEPServiceManager4/extensions/js/cutterman.js(516)
[1209/182038:INFO:CONSOLE(0)] "{"samefile":"cover","androidCurrentDpi":"不设置","iosCurrentDpi":"不设置","androidDpi":{"XXXHDPI":"1440","XXHDPI":"1080","XHDPI":"720","HDPI":"540","MDPI":"360"},"iosDpi":{"3X":"960","2X":"640","1X":"320"},"format":"PNG-24","output":"/d/2016-06-21/2016-12-09/%E6%B1%89%E7%8B%AE/img","merge":true,"target":["web"],"bounds":[0,0],"quality":"PNG-24"}," source: file:///C:/Users/lin/AppData/Roaming/Adobe/CEPServiceManager4/extensions/js/cutterman.js(523)
[1209/182048:INFO:CONSOLE(0)] "PNG," source: file:///C:/Users/lin/AppData/Roaming/Adobe/CEPServiceManager4/extensions/js/cutterman.js(516)
[1209/182048:INFO:CONSOLE(0)] "{"samefile":"cover","androidCurrentDpi":"不设置","iosCurrentDpi":"不设置","androidDpi":{"XXXHDPI":"1440","XXHDPI":"1080","XHDPI":"720","HDPI":"540","MDPI":"360"},"iosDpi":{"3X":"960","2X":"640","1X":"320"},"format":"PNG-24","output":"/d/2016-06-21/2016-12-09/%E6%B1%89%E7%8B%AE/img","merge":false,"target":["web"],"bounds":[0,0],"quality":"PNG-24"}," source: file:///C:/Users/lin/AppData/Roaming/Adobe/CEPServiceManager4/extensions/js/cutterman.js(523)
[1209/182050:INFO:CONSOLE(0)] "XMLHttpRequest cannot load http://www.cutterman.cn/rank/submit. Origin null is not allowed by Access-Control-Allow-Origin.," source: (0)
[1209/182051:INFO:CONSOLE(0)] "XMLHttpRequest cannot load http://www.cutterman.cn/rank/submit. Origin null is not allowed by Access-Control-Allow-Origin.," source: (0)
[1209/182057:INFO:CONSOLE(0)] "PNG," source: file:///C:/Users/lin/AppData/Roaming/Adobe/CEPServiceManager4/extensions/js/cutterman.js(516)
[1209/182057:INFO:CONSOLE(0)] "{"samefile":"cover","androidCurrentDpi":"不设置","iosCurrentDpi":"不设置","androidDpi":{"XXXHDPI":"1440","XXHDPI":"1080","XHDPI":"720","HDPI":"540","MDPI":"360"},"iosDpi":{"3X":"960","2X":"640","1X":"320"},"format":"PNG-24","output":"/d/2016-06-21/2016-12-09/%E6%B1%89%E7%8B%AE/img","merge":true,"target":["web"],"bounds":[0,0],"quality":"PNG-24"}," source: file:///C:/Users/lin/AppData/Roaming/Adobe/CEPServiceManager4/extensions/js/cutterman.js(523)
[1209/182100:INFO:CONSOLE(0)] "XMLHttpRequest cannot load http://www.cutterman.cn/rank/submit. Origin null is not allowed by Access-Control-Allow-Origin.," source: (0)
[1209/184910:INFO:CONSOLE(0)] "PNG," source: file:///C:/Users/lin/AppData/Roaming/Adobe/CEPServiceManager4/extensions/js/cutterman.js(516)
[1209/184910:INFO:CONSOLE(0)] "{"samefile":"cover","androidCurrentDpi":"不设置","iosCurrentDpi":"不设置","androidDpi":{"XXXHDPI":"1440","XXHDPI":"1080","XHDPI":"720","HDPI":"540","MDPI":"360"},"iosDpi":{"3X":"960","2X":"640","1X":"320"},"format":"PNG-24","output":"/d/2016-06-21/2016-12-09/%E6%B1%89%E7%8B%AE/img","merge":false,"target":["web"],"bounds":[0,0],"quality":"PNG-24"}," source: file:///C:/Users/lin/AppData/Roaming/Adobe/CEPServiceManager4/extensions/js/cutterman.js(523)
[1209/184915:INFO:CONSOLE(0)] "XMLHttpRequest cannot load http://www.cutterman.cn/rank/submit. Origin null is not allowed by Access-Control-Allow-Origin.," source: (0)
